生成启动时间为 2016/5/26 18:44:48。
     1>项目“C:\Users\Administrator\Desktop\Project Three VS\Project Three VS\Project Three VS.vcxproj”在节点 2 上(Build 个目标)。
     1>ClCompile:
         E:\VS2015\VC\bin\CL.exe /c /ZI /nologo /W3 /WX- /sdl /Od /Oy- /D _MBCS /Gm /EHsc /RTC1 /MDd /GS /fp:precise /Zc:wchar_t /Zc:forScope /Zc:inline /Fo"Debug\\" /Fd"Debug\vc140.pdb" /Gd /TP /analyze- /errorReport:prompt main.cpp
         main.cpp
     1>c:\users\administrator\desktop\project three vs\project three vs\main.cpp(2): warning C4067: 预处理器指令后有意外标记 - 应输入换行符
     1>c:\users\administrator\desktop\project three vs\project three vs\functions.h(6): warning C4018: “<”: 有符号/无符号不匹配
     1>c:\users\administrator\desktop\project three vs\project three vs\functions.h(12): warning C4800: “int”: 将值强制为布尔值“true”或“false”(性能警告)
     1>c:\users\administrator\desktop\project three vs\project three vs\functions.h(16): warning C4018: “<”: 有符号/无符号不匹配
     1>c:\users\administrator\desktop\project three vs\project three vs\functions.h(22): warning C4800: “int”: 将值强制为布尔值“true”或“false”(性能警告)
     1>c:\users\administrator\desktop\project three vs\project three vs\functions.h(32): warning C4018: “<”: 有符号/无符号不匹配
     1>c:\users\administrator\desktop\project three vs\project three vs\functions.h(171): warning C4553: “==”: 运算符不起任何作用；是否是有意使用“=”的?
     1>c:\users\administrator\desktop\project three vs\project three vs\functions.h(238): warning C4101: “e”: 未引用的局部变量
     1>c:\users\administrator\desktop\project three vs\project three vs\functions.h(271): warning C4018: “<”: 有符号/无符号不匹配
     1>c:\users\administrator\desktop\project three vs\project three vs\functions.h(283): warning C4018: “<”: 有符号/无符号不匹配
     1>c:\users\administrator\desktop\project three vs\project three vs\functions.h(321): warning C4018: “<”: 有符号/无符号不匹配
     1>c:\users\administrator\desktop\project three vs\project three vs\data.h(136): warning C4018: “<”: 有符号/无符号不匹配
     1>c:\users\administrator\desktop\project three vs\project three vs\data.h(167): warning C4018: “<”: 有符号/无符号不匹配
     1>c:\users\administrator\desktop\project three vs\project three vs\login.h(15): warning C4018: “<”: 有符号/无符号不匹配
     1>c:\users\administrator\desktop\project three vs\project three vs\login.h(28): warning C4018: “<”: 有符号/无符号不匹配
     1>c:\users\administrator\desktop\project three vs\project three vs\login.h(43): warning C4018: “<”: 有符号/无符号不匹配
     1>c:\users\administrator\desktop\project three vs\project three vs\adminop.h(104): warning C4244: “参数”: 从“double”转换到“int”，可能丢失数据
     1>c:\users\administrator\desktop\project three vs\project three vs\adminop.h(134): warning C4018: “<”: 有符号/无符号不匹配
     1>c:\users\administrator\desktop\project three vs\project three vs\adminop.h(140): warning C4018: “<”: 有符号/无符号不匹配
     1>c:\users\administrator\desktop\project three vs\project three vs\adminop.h(146): warning C4018: “<”: 有符号/无符号不匹配
     1>c:\users\administrator\desktop\project three vs\project three vs\main.cpp(53): warning C4018: “<”: 有符号/无符号不匹配
     1>c:\users\administrator\desktop\project three vs\project three vs\main.cpp(60): warning C4018: “<”: 有符号/无符号不匹配
     1>c:\users\administrator\desktop\project three vs\project three vs\login.h(40): warning C4715: “login”: 不是所有的控件路径都返回值
     1>c:\users\administrator\desktop\project three vs\project three vs\login.h(77): warning C4715: “admin”: 不是所有的控件路径都返回值
       Link:
         E:\VS2015\VC\bin\link.exe /ERRORREPORT:PROMPT /OUT:"C:\Users\Administrator\Desktop\Project Three VS\Debug\Project Three VS.exe" /INCREMENTAL /NOLOGO kernel32.lib user32.lib gdi32.lib winspool.lib comdlg32.lib advapi32.lib shell32.lib ole32.lib oleaut32.lib uuid.lib odbc32.lib odbccp32.lib /MANIFEST /MANIFESTUAC:"level='asInvoker' uiAccess='false'" /manifest:embed /Debug /PDB:"C:\Users\Administrator\Desktop\Project Three VS\Debug\Project Three VS.pdb" /TLBID:1 /DYNAMICBASE /NXCOMPAT /IMPLIB:"C:\Users\Administrator\Desktop\Project Three VS\Debug\Project Three VS.lib" /MACHINE:X86 Debug\main.obj
         Project Three VS.vcxproj -> C:\Users\Administrator\Desktop\Project Three VS\Debug\Project Three VS.exe
     1>已完成生成项目“C:\Users\Administrator\Desktop\Project Three VS\Project Three VS\Project Three VS.vcxproj”(Build 个目标)的操作。

已成功生成。

已用时间 00:00:02.47
